<?xml version="1.0" encoding="UTF-8"?>
<!-- Generated by org.testng.reporters.JUnitReportReporter -->
<testsuite hostname="DESKTOP-PV0FJ1Q" failures="0" tests="1" name="ecommerce.products.TC.TC_CustomerMenuNavigation" time="31.723" errors="0" timestamp="2022-01-20T20:52:01 IST" skipped="0">
  <testcase classname="ecommerce.products.TC.TC_CustomerMenuNavigation" name="TC_CustomerMenu" time="31.723"/>
  <system-out>
    <![CDATA[Navigte to Browser as :chromeURL:https://admin-demo.nopcommerce.com/
Able to enter the user email
Able to enter the user password
User is able to click on the login Button
user successfully logged In
Able to navigate Customers menu]]>
  </system-out>
</testsuite> <!-- ecommerce.products.TC.TC_CustomerMenuNavigation -->
