<?xml version="1.0" encoding="UTF-8"?>
<!-- Generated by org.testng.reporters.JUnitReportReporter -->
<testsuite hostname="DESKTOP-PV0FJ1Q" failures="0" tests="1" name="ecommerce.products.API.Test_api_list_users" time="311.176" errors="0" timestamp="2022-01-12T20:08:05 IST" skipped="0">
  <testcase classname="ecommerce.products.API.Test_api_list_users" name="getUsers" time="311.176"/>
  <system-out/>
</testsuite> <!-- ecommerce.products.API.Test_api_list_users -->
