<?xml version="1.0" encoding="UTF-8"?>
<!-- Generated by org.testng.reporters.JUnitReportReporter -->
<testsuite hostname="DESKTOP-PV0FJ1Q" failures="0" tests="1" name="ecommerce.products.TC.TC_HealthCheck" time="32.633" errors="0" timestamp="2022-01-12T20:06:16 IST" skipped="0">
  <testcase classname="ecommerce.products.TC.TC_HealthCheck" name="TC_ecommerce_search" time="32.633"/>
  <system-out>
    <![CDATA[Navigte to Browser as :chromeURL:https://admin-demo.nopcommerce.com/
Able to enter the user email
Able to enter the user password
User is able to click on the login Button
user successfully logged In]]>
  </system-out>
</testsuite> <!-- ecommerce.products.TC.TC_HealthCheck -->
