<?xml version="1.0" encoding="UTF-8"?>
<!-- Generated by org.testng.reporters.JUnitReportReporter -->
<testsuite hostname="DESKTOP-PV0FJ1Q" failures="0" tests="1" name="ecommerce.products.API.Test_Update_user_details" time="5.486" errors="0" timestamp="2022-01-11T20:19:25 IST" skipped="0">
  <testcase classname="ecommerce.products.API.Test_Update_user_details" name="ListUsers" time="5.486"/>
  <system-out/>
</testsuite> <!-- ecommerce.products.API.Test_Update_user_details -->
